0 verbose cli /usr/local/bin/node /usr/src/node-red/node_modules/npm/bin/npm-cli.js
1 info using npm@11.16.0
2 info using node@v24.16.0
3 silly config load:file:/usr/src/node-red/node_modules/npm/npmrc
4 silly config load:file:/data/.npmrc
5 silly config load:file:/usr/src/node-red/.npmrc
6 silly config load:file:/usr/local/etc/npmrc
7 verbose title npm install node-red-contrib-postgresql@0.15.4
8 verbose argv "install" "--no-audit" "--no-update-notifier" "--no-fund" "--save" "--save-prefix" "~" "--omit" "dev" "--engine-strict" "--" "node-red-contrib-postgresql@0.15.4"
9 verbose logfile logs-max:10 dir:/data/.npm/_logs/2026-06-22T02_25_55_024Z-
10 verbose logfile /data/.npm/_logs/2026-06-22T02_25_55_024Z-debug-0.log
11 silly logfile done cleaning log files
12 silly packumentCache heap:2348810240 maxSize:587202560 maxEntrySize:293601280
13 silly idealTree buildDeps
14 silly fetch manifest node-red-contrib-postgresql@0.15.4
15 silly packumentCache full:https://registry.npmjs.org/node-red-contrib-postgresql cache-miss
16 http fetch GET 200 https://registry.npmjs.org/node-red-contrib-postgresql 401ms (cache miss)
17 silly packumentCache full:https://registry.npmjs.org/node-red-contrib-postgresql set size:undefined disposed:false
18 silly placeDep ROOT node-red-contrib-postgresql@0.15.4 OK for: node-red-project@0.0.1 want: 0.15.4
19 silly fetch manifest mustache@^4.2.0
20 silly packumentCache full:https://registry.npmjs.org/mustache cache-miss
21 silly fetch manifest pg@^8.16.3
22 silly packumentCache full:https://registry.npmjs.org/pg cache-miss
23 silly fetch manifest pg-cursor@^2.15.3
24 silly packumentCache full:https://registry.npmjs.org/pg-cursor cache-miss
25 http fetch GET 200 https://registry.npmjs.org/pg 152ms (cache miss)
26 silly packumentCache full:https://registry.npmjs.org/pg set size:undefined disposed:false
27 http fetch GET 200 https://registry.npmjs.org/mustache 297ms (cache miss)
28 silly packumentCache full:https://registry.npmjs.org/mustache set size:undefined disposed:false
29 http fetch GET 200 https://registry.npmjs.org/pg-cursor 343ms (cache miss)
30 silly packumentCache full:https://registry.npmjs.org/pg-cursor set size:undefined disposed:false
31 silly fetch manifest pg-native@>=3.0.1
32 silly packumentCache full:https://registry.npmjs.org/pg-native cache-miss
33 http fetch GET 200 https://registry.npmjs.org/pg-native 286ms (cache miss)
34 silly packumentCache full:https://registry.npmjs.org/pg-native set size:undefined disposed:false
35 silly placeDep ROOT mustache@4.2.0 OK for: node-red-contrib-postgresql@0.15.4 want: ^4.2.0
36 silly placeDep ROOT pg@8.22.0 OK for: node-red-contrib-postgresql@0.15.4 want: ^8.16.3
37 silly placeDep ROOT pg-cursor@2.21.0 OK for: node-red-contrib-postgresql@0.15.4 want: ^2.15.3
38 silly fetch manifest pg-connection-string@^2.14.0
39 silly packumentCache full:https://registry.npmjs.org/pg-connection-string cache-miss
40 silly fetch manifest pg-pool@^3.14.0
41 silly packumentCache full:https://registry.npmjs.org/pg-pool cache-miss
42 silly fetch manifest pg-protocol@^1.15.0
43 silly packumentCache full:https://registry.npmjs.org/pg-protocol cache-miss
44 silly fetch manifest pg-types@2.2.0
45 silly packumentCache full:https://registry.npmjs.org/pg-types cache-miss
46 silly fetch manifest pgpass@1.0.5
47 silly packumentCache full:https://registry.npmjs.org/pgpass cache-miss
48 silly fetch manifest pg-cloudflare@^1.4.0
49 silly packumentCache full:https://registry.npmjs.org/pg-cloudflare cache-miss
50 http fetch GET 200 https://registry.npmjs.org/pg-protocol 90ms (cache miss)
51 silly packumentCache full:https://registry.npmjs.org/pg-protocol set size:undefined disposed:false
52 http fetch GET 200 https://registry.npmjs.org/pg-connection-string 94ms (cache miss)
53 silly packumentCache full:https://registry.npmjs.org/pg-connection-string set size:undefined disposed:false
54 http fetch GET 200 https://registry.npmjs.org/pg-pool 292ms (cache miss)
55 silly packumentCache full:https://registry.npmjs.org/pg-pool set size:undefined disposed:false
56 http fetch GET 200 https://registry.npmjs.org/pg-types 346ms (cache miss)
57 silly packumentCache full:https://registry.npmjs.org/pg-types set size:undefined disposed:false
58 http fetch GET 200 https://registry.npmjs.org/pg-cloudflare 347ms (cache miss)
59 silly packumentCache full:https://registry.npmjs.org/pg-cloudflare set size:undefined disposed:false
60 http fetch GET 200 https://registry.npmjs.org/pgpass 351ms (cache miss)
61 silly packumentCache full:https://registry.npmjs.org/pgpass set size:undefined disposed:false
62 silly fetch manifest pg@>=8.0
63 silly packumentCache full:https://registry.npmjs.org/pg cache-miss
64 http cache https://registry.npmjs.org/pg 42ms (cache hit)
65 silly packumentCache full:https://registry.npmjs.org/pg set size:479973 disposed:false
66 silly placeDep ROOT pg-cloudflare@1.4.0 OK for: pg@8.22.0 want: ^1.4.0
67 silly placeDep ROOT pg-connection-string@2.14.0 OK for: pg@8.22.0 want: ^2.14.0
68 silly placeDep ROOT pg-pool@3.14.0 OK for: pg@8.22.0 want: ^3.14.0
69 silly placeDep ROOT pg-protocol@1.15.0 OK for: pg@8.22.0 want: ^1.15.0
70 silly placeDep ROOT pg-types@2.2.0 OK for: pg@8.22.0 want: 2.2.0
71 silly placeDep ROOT pgpass@1.0.5 OK for: pg@8.22.0 want: 1.0.5
72 silly fetch manifest pg-int8@1.0.1
73 silly packumentCache full:https://registry.npmjs.org/pg-int8 cache-miss
74 silly fetch manifest postgres-date@~1.0.4
75 silly packumentCache full:https://registry.npmjs.org/postgres-date cache-miss
76 silly fetch manifest postgres-array@~2.0.0
77 silly packumentCache full:https://registry.npmjs.org/postgres-array cache-miss
78 silly fetch manifest postgres-bytea@~1.0.0
79 silly packumentCache full:https://registry.npmjs.org/postgres-bytea cache-miss
80 silly fetch manifest postgres-interval@^1.1.0
81 silly packumentCache full:https://registry.npmjs.org/postgres-interval cache-miss
82 silly fetch manifest split2@^4.1.0
83 silly packumentCache full:https://registry.npmjs.org/split2 cache-miss
84 http fetch GET 200 https://registry.npmjs.org/postgres-interval 277ms (cache miss)
85 silly packumentCache full:https://registry.npmjs.org/postgres-interval set size:undefined disposed:false
86 http fetch GET 200 https://registry.npmjs.org/postgres-date 284ms (cache miss)
87 silly packumentCache full:https://registry.npmjs.org/postgres-date set size:undefined disposed:false
88 http fetch GET 200 https://registry.npmjs.org/split2 291ms (cache miss)
89 silly packumentCache full:https://registry.npmjs.org/split2 set size:undefined disposed:false
90 http fetch GET 200 https://registry.npmjs.org/postgres-bytea 296ms (cache miss)
91 silly packumentCache full:https://registry.npmjs.org/postgres-bytea set size:undefined disposed:false
92 http fetch GET 200 https://registry.npmjs.org/pg-int8 310ms (cache miss)
93 silly packumentCache full:https://registry.npmjs.org/pg-int8 set size:undefined disposed:false
94 http fetch GET 200 https://registry.npmjs.org/postgres-array 316ms (cache miss)
95 silly packumentCache full:https://registry.npmjs.org/postgres-array set size:undefined disposed:false
96 silly placeDep ROOT pg-int8@1.0.1 OK for: pg-types@2.2.0 want: 1.0.1
97 silly placeDep ROOT postgres-array@2.0.0 OK for: pg-types@2.2.0 want: ~2.0.0
98 silly placeDep ROOT postgres-bytea@1.0.1 OK for: pg-types@2.2.0 want: ~1.0.0
99 silly placeDep ROOT postgres-date@1.0.7 OK for: pg-types@2.2.0 want: ~1.0.4
100 silly placeDep ROOT postgres-interval@1.2.0 OK for: pg-types@2.2.0 want: ^1.1.0
101 silly fetch manifest xtend@^4.0.0
102 silly packumentCache full:https://registry.npmjs.org/xtend cache-miss
103 http fetch GET 200 https://registry.npmjs.org/xtend 78ms (cache miss)
104 silly packumentCache full:https://registry.npmjs.org/xtend set size:undefined disposed:false
105 silly placeDep ROOT split2@4.2.0 OK for: pgpass@1.0.5 want: ^4.1.0
106 silly placeDep ROOT xtend@4.0.2 OK for: postgres-interval@1.2.0 want: ^4.0.0
107 silly reify moves {}
108 http cache postgres-date@https://registry.npmjs.org/postgres-date/-/postgres-date-1.0.7.tgz 0ms (cache hit)
109 http cache split2@https://registry.npmjs.org/split2/-/split2-4.2.0.tgz 0ms (cache hit)
110 http cache xtend@https://registry.npmjs.org/xtend/-/xtend-4.0.2.tgz 0ms (cache hit)
111 http cache postgres-interval@https://registry.npmjs.org/postgres-interval/-/postgres-interval-1.2.0.tgz 0ms (cache hit)
112 http cache postgres-array@https://registry.npmjs.org/postgres-array/-/postgres-array-2.0.0.tgz 0ms (cache hit)
113 http cache postgres-bytea@https://registry.npmjs.org/postgres-bytea/-/postgres-bytea-1.0.1.tgz 0ms (cache hit)
114 http cache pgpass@https://registry.npmjs.org/pgpass/-/pgpass-1.0.5.tgz 0ms (cache hit)
115 http cache pg-int8@https://registry.npmjs.org/pg-int8/-/pg-int8-1.0.1.tgz 0ms (cache hit)
116 http cache pg-pool@https://registry.npmjs.org/pg-pool/-/pg-pool-3.14.0.tgz 0ms (cache hit)
117 http cache pg-protocol@https://registry.npmjs.org/pg-protocol/-/pg-protocol-1.15.0.tgz 0ms (cache hit)
118 http cache pg-connection-string@https://registry.npmjs.org/pg-connection-string/-/pg-connection-string-2.14.0.tgz 0ms (cache hit)
119 http cache pg-types@https://registry.npmjs.org/pg-types/-/pg-types-2.2.0.tgz 0ms (cache hit)
120 http cache mustache@https://registry.npmjs.org/mustache/-/mustache-4.2.0.tgz 0ms (cache hit)
121 http cache pg@https://registry.npmjs.org/pg/-/pg-8.22.0.tgz 0ms (cache hit)
122 http cache pg-cursor@https://registry.npmjs.org/pg-cursor/-/pg-cursor-2.21.0.tgz 0ms (cache hit)
123 http cache pg-cloudflare@https://registry.npmjs.org/pg-cloudflare/-/pg-cloudflare-1.4.0.tgz 0ms (cache hit)
124 silly tarball no local data for postgres-date@https://registry.npmjs.org/postgres-date/-/postgres-date-1.0.7.tgz. Extracting by manifest.
125 silly tarball no local data for xtend@https://registry.npmjs.org/xtend/-/xtend-4.0.2.tgz. Extracting by manifest.
126 silly tarball no local data for split2@https://registry.npmjs.org/split2/-/split2-4.2.0.tgz. Extracting by manifest.
127 silly tarball no local data for postgres-interval@https://registry.npmjs.org/postgres-interval/-/postgres-interval-1.2.0.tgz. Extracting by manifest.
128 http cache node-red-contrib-postgresql@https://registry.npmjs.org/node-red-contrib-postgresql/-/node-red-contrib-postgresql-0.15.4.tgz 0ms (cache hit)
129 silly tarball no local data for postgres-array@https://registry.npmjs.org/postgres-array/-/postgres-array-2.0.0.tgz. Extracting by manifest.
130 silly tarball no local data for postgres-bytea@https://registry.npmjs.org/postgres-bytea/-/postgres-bytea-1.0.1.tgz. Extracting by manifest.
131 silly tarball no local data for pg-int8@https://registry.npmjs.org/pg-int8/-/pg-int8-1.0.1.tgz. Extracting by manifest.
132 silly tarball no local data for pgpass@https://registry.npmjs.org/pgpass/-/pgpass-1.0.5.tgz. Extracting by manifest.
133 silly tarball no local data for pg-pool@https://registry.npmjs.org/pg-pool/-/pg-pool-3.14.0.tgz. Extracting by manifest.
134 silly tarball no local data for pg-protocol@https://registry.npmjs.org/pg-protocol/-/pg-protocol-1.15.0.tgz. Extracting by manifest.
135 silly tarball no local data for pg-connection-string@https://registry.npmjs.org/pg-connection-string/-/pg-connection-string-2.14.0.tgz. Extracting by manifest.
136 silly tarball no local data for pg-types@https://registry.npmjs.org/pg-types/-/pg-types-2.2.0.tgz. Extracting by manifest.
137 silly tarball no local data for pg@https://registry.npmjs.org/pg/-/pg-8.22.0.tgz. Extracting by manifest.
138 silly tarball no local data for mustache@https://registry.npmjs.org/mustache/-/mustache-4.2.0.tgz. Extracting by manifest.
139 silly tarball no local data for pg-cursor@https://registry.npmjs.org/pg-cursor/-/pg-cursor-2.21.0.tgz. Extracting by manifest.
140 silly tarball no local data for pg-cloudflare@https://registry.npmjs.org/pg-cloudflare/-/pg-cloudflare-1.4.0.tgz. Extracting by manifest.
141 silly tarball no local data for node-red-contrib-postgresql@https://registry.npmjs.org/node-red-contrib-postgresql/-/node-red-contrib-postgresql-0.15.4.tgz. Extracting by manifest.
142 http fetch GET 200 https://registry.npmjs.org/postgres-bytea/-/postgres-bytea-1.0.1.tgz 329ms (cache miss)
143 http fetch GET 200 https://registry.npmjs.org/postgres-interval/-/postgres-interval-1.2.0.tgz 345ms (cache miss)
144 http fetch GET 200 https://registry.npmjs.org/xtend/-/xtend-4.0.2.tgz 355ms (cache miss)
145 http fetch GET 200 https://registry.npmjs.org/postgres-date/-/postgres-date-1.0.7.tgz 360ms (cache miss)
146 http fetch GET 200 https://registry.npmjs.org/postgres-array/-/postgres-array-2.0.0.tgz 452ms (cache miss)
147 http fetch GET 200 https://registry.npmjs.org/split2/-/split2-4.2.0.tgz 464ms (cache miss)
148 http fetch GET 200 https://registry.npmjs.org/pgpass/-/pgpass-1.0.5.tgz 477ms (cache miss)
149 http fetch GET 200 https://registry.npmjs.org/pg-connection-string/-/pg-connection-string-2.14.0.tgz 493ms (cache miss)
150 http fetch GET 200 https://registry.npmjs.org/pg-pool/-/pg-pool-3.14.0.tgz 511ms (cache miss)
151 http fetch GET 200 https://registry.npmjs.org/pg-int8/-/pg-int8-1.0.1.tgz 526ms (cache miss)
152 http fetch GET 200 https://registry.npmjs.org/pg-cursor/-/pg-cursor-2.21.0.tgz 524ms (cache miss)
153 http fetch GET 200 https://registry.npmjs.org/pg-cloudflare/-/pg-cloudflare-1.4.0.tgz 551ms (cache miss)
154 http fetch GET 200 https://registry.npmjs.org/pg-types/-/pg-types-2.2.0.tgz 629ms (cache miss)
155 http fetch GET 200 https://registry.npmjs.org/node-red-contrib-postgresql/-/node-red-contrib-postgresql-0.15.4.tgz 662ms (cache miss)
156 http fetch GET 200 https://registry.npmjs.org/mustache/-/mustache-4.2.0.tgz 703ms (cache miss)
157 http fetch GET 200 https://registry.npmjs.org/pg/-/pg-8.22.0.tgz 747ms (cache miss)
158 http fetch GET 200 https://registry.npmjs.org/pg-protocol/-/pg-protocol-1.15.0.tgz 868ms (cache miss)
159 silly ADD node_modules/xtend
160 silly ADD node_modules/split2
161 silly ADD node_modules/postgres-interval
162 silly ADD node_modules/postgres-date
163 silly ADD node_modules/postgres-bytea
164 silly ADD node_modules/postgres-array
165 silly ADD node_modules/pg-int8
166 silly ADD node_modules/pgpass
167 silly ADD node_modules/pg-types
168 silly ADD node_modules/pg-protocol
169 silly ADD node_modules/pg-pool
170 silly ADD node_modules/pg-connection-string
171 silly ADD node_modules/pg-cloudflare
172 silly ADD node_modules/pg-cursor
173 silly ADD node_modules/pg
174 silly ADD node_modules/mustache
175 silly ADD node_modules/node-red-contrib-postgresql
176 verbose cwd /data
177 verbose os Linux 6.6.87.2-microsoft-standard-WSL2
178 verbose node v24.16.0
179 verbose npm  v11.16.0
180 verbose exit 0
181 info ok
