0 verbose cli /usr/local/bin/node /usr/src/node-red/node_modules/npm/bin/npm-cli.js
1 info using npm@11.16.0
2 info using node@v24.16.0
3 silly config load:file:/usr/src/node-red/node_modules/npm/npmrc
4 silly config load:file:/data/.npmrc
5 silly config load:file:/usr/src/node-red/.npmrc
6 silly config load:file:/usr/local/etc/npmrc
7 verbose title npm install node-red-node-snmp@2.1.0
8 verbose argv "install" "--no-audit" "--no-update-notifier" "--no-fund" "--save" "--save-prefix" "~" "--omit" "dev" "--engine-strict" "--" "node-red-node-snmp@2.1.0"
9 verbose logfile logs-max:10 dir:/data/.npm/_logs/2026-06-22T02_26_09_793Z-
10 verbose logfile /data/.npm/_logs/2026-06-22T02_26_09_793Z-debug-0.log
11 silly logfile done cleaning log files
12 silly packumentCache heap:2348810240 maxSize:587202560 maxEntrySize:293601280
13 silly idealTree buildDeps
14 silly fetch manifest node-red-node-snmp@2.1.0
15 silly packumentCache full:https://registry.npmjs.org/node-red-node-snmp cache-miss
16 http fetch GET 200 https://registry.npmjs.org/node-red-node-snmp 409ms (cache miss)
17 silly packumentCache full:https://registry.npmjs.org/node-red-node-snmp set size:undefined disposed:false
18 silly placeDep ROOT node-red-node-snmp@2.1.0 OK for: node-red-project@0.0.1 want: 2.1.0
19 silly fetch manifest net-snmp@^3.26.0
20 silly packumentCache full:https://registry.npmjs.org/net-snmp cache-miss
21 http fetch GET 200 https://registry.npmjs.org/net-snmp 309ms (cache miss)
22 silly packumentCache full:https://registry.npmjs.org/net-snmp set size:undefined disposed:false
23 silly placeDep ROOT net-snmp@3.26.3 OK for: node-red-node-snmp@2.1.0 want: ^3.26.0
24 silly fetch manifest asn1-ber@^1.2.1
25 silly packumentCache full:https://registry.npmjs.org/asn1-ber cache-miss
26 silly fetch manifest smart-buffer@^4.1.0
27 silly packumentCache full:https://registry.npmjs.org/smart-buffer cache-miss
28 http fetch GET 200 https://registry.npmjs.org/smart-buffer 158ms (cache miss)
29 silly packumentCache full:https://registry.npmjs.org/smart-buffer set size:undefined disposed:false
30 http fetch GET 200 https://registry.npmjs.org/asn1-ber 270ms (cache miss)
31 silly packumentCache full:https://registry.npmjs.org/asn1-ber set size:undefined disposed:false
32 silly placeDep ROOT asn1-ber@1.2.2 OK for: net-snmp@3.26.3 want: ^1.2.1
33 silly placeDep ROOT smart-buffer@4.2.0 OK for: net-snmp@3.26.3 want: ^4.1.0
34 silly reify moves {}
35 http cache node-red-node-snmp@https://registry.npmjs.org/node-red-node-snmp/-/node-red-node-snmp-2.1.0.tgz 0ms (cache hit)
36 http cache net-snmp@https://registry.npmjs.org/net-snmp/-/net-snmp-3.26.3.tgz 0ms (cache hit)
37 http cache smart-buffer@https://registry.npmjs.org/smart-buffer/-/smart-buffer-4.2.0.tgz 0ms (cache hit)
38 http cache asn1-ber@https://registry.npmjs.org/asn1-ber/-/asn1-ber-1.2.2.tgz 0ms (cache hit)
39 silly tarball no local data for node-red-node-snmp@https://registry.npmjs.org/node-red-node-snmp/-/node-red-node-snmp-2.1.0.tgz. Extracting by manifest.
40 silly tarball no local data for smart-buffer@https://registry.npmjs.org/smart-buffer/-/smart-buffer-4.2.0.tgz. Extracting by manifest.
41 silly tarball no local data for net-snmp@https://registry.npmjs.org/net-snmp/-/net-snmp-3.26.3.tgz. Extracting by manifest.
42 silly tarball no local data for asn1-ber@https://registry.npmjs.org/asn1-ber/-/asn1-ber-1.2.2.tgz. Extracting by manifest.
43 http fetch GET 200 https://registry.npmjs.org/node-red-node-snmp/-/node-red-node-snmp-2.1.0.tgz 121ms (cache miss)
44 http fetch GET 200 https://registry.npmjs.org/smart-buffer/-/smart-buffer-4.2.0.tgz 221ms (cache miss)
45 http fetch GET 200 https://registry.npmjs.org/asn1-ber/-/asn1-ber-1.2.2.tgz 293ms (cache miss)
46 http fetch GET 200 https://registry.npmjs.org/net-snmp/-/net-snmp-3.26.3.tgz 718ms (cache miss)
47 silly ADD node_modules/smart-buffer
48 silly ADD node_modules/asn1-ber
49 silly ADD node_modules/net-snmp
50 silly ADD node_modules/node-red-node-snmp
51 verbose cwd /data
52 verbose os Linux 6.6.87.2-microsoft-standard-WSL2
53 verbose node v24.16.0
54 verbose npm  v11.16.0
55 verbose exit 0
56 info ok
